<?xml version="1.0" encoding="UTF-8"?>
<coverage generated="1741890686363" clover="3.2.0">
  <project timestamp="1741890686363" name="All files">
    <metrics statements="6" coveredstatements="3" conditionals="2" coveredconditionals="1" methods="1" coveredmethods="1" elements="9" coveredelements="5" complexity="0" loc="6" ncloc="6" packages="1" files="1" classes="1"/>
    <file name="avaliacao.ts" path="/Users/sidneysousa/Workspaces/OO_2025_01/aquecimento/src/avaliacao.ts">
      <metrics statements="6" coveredstatements="3" conditionals="2" coveredconditionals="1" methods="1" coveredmethods="1"/>
      <line num="1" count="1" type="stmt"/>
      <line num="2" count="1" type="cond" truecount="1" falsecount="0"/>
      <line num="3" count="1" type="stmt"/>
      <line num="6" count="0" type="cond" truecount="0" falsecount="1"/>
      <line num="7" count="0" type="stmt"/>
      <line num="10" count="0" type="stmt"/>
    </file>
  </project>
</coverage>
