{"/Users/sidneysousa/Workspaces/OO_2025_01/aquecimento/src/avaliacao.ts": {"path":"/Users/sidneysousa/Workspaces/OO_2025_01/aquecimento/src/avaliacao.ts","statementMap":{"0":{"start":{"line":1,"column":0},"end":{"line":1,"column":16}},"1":{"start":{"line":2,"column":2},"end":{"line":4,"column":3}},"2":{"start":{"line":3,"column":4},"end":{"line":3,"column":22}},"3":{"start":{"line":6,"column":2},"end":{"line":8,"column":3}},"4":{"start":{"line":7,"column":4},"end":{"line":7,"column":23}},"5":{"start":{"line":10,"column":2},"end":{"line":10,"column":23}}},"fnMap":{"0":{"name":"verificarSituacao","decl":{"start":{"line":1,"column":16},"end":{"line":1,"column":33}},"loc":{"start":{"line":1,"column":47},"end":{"line":11,"column":1}}}},"branchMap":{"0":{"loc":{"start":{"line":2,"column":2},"end":{"line":4,"column":3}},"type":"if","locations":[{"start":{"line":2,"column":2},"end":{"line":4,"column":3}}]},"1":{"loc":{"start":{"line":6,"column":2},"end":{"line":8,"column":3}},"type":"if","locations":[{"start":{"line":6,"column":2},"end":{"line":8,"column":3}}]}},"s":{"0":1,"1":1,"2":1,"3":0,"4":0,"5":0},"f":{"0":1},"b":{"0":[1],"1":[0]}}
}
