<?xml version="1.0" encoding="UTF-8"?>
<coverage generated="1749752474783" clover="3.2.0">
  <project timestamp="1749752474783" name="All files">
    <metrics statements="21" coveredstatements="21" conditionals="1" coveredconditionals="1" methods="5" coveredmethods="5" elements="27" coveredelements="27" complexity="0" loc="21" ncloc="21" packages="2" files="2" classes="2"/>
    <package name="daos">
      <metrics statements="17" coveredstatements="17" conditionals="1" coveredconditionals="1" methods="4" coveredmethods="4"/>
      <file name="ContatoJsonDAO.ts" path="/Users/sidneysousa/Workspaces/OO_2025_01/exemplo03/src/daos/ContatoJsonDAO.ts">
        <metrics statements="17" coveredstatements="17" conditionals="1" coveredconditionals="1" methods="4" coveredmethods="4"/>
        <line num="1" count="1" type="stmt"/>
        <line num="2" count="1" type="stmt"/>
        <line num="3" count="1" type="stmt"/>
        <line num="5" count="1" type="stmt"/>
        <line num="10" count="2" type="stmt"/>
        <line num="11" count="2" type="stmt"/>
        <line num="13" count="2" type="stmt"/>
        <line num="15" count="2" type="stmt"/>
        <line num="16" count="2" type="stmt"/>
        <line num="17" count="200" type="stmt"/>
        <line num="18" count="200" type="stmt"/>
        <line num="19" count="200" type="stmt"/>
        <line num="31" count="203" type="stmt"/>
        <line num="32" count="3" type="stmt"/>
        <line num="36" count="1" type="stmt"/>
        <line num="38" count="1" type="cond" truecount="1" falsecount="0"/>
        <line num="40" count="1" type="stmt"/>
      </file>
    </package>
    <package name="models">
      <metrics statements="4" coveredstatements="4" conditionals="0" coveredconditionals="0" methods="1" coveredmethods="1"/>
      <file name="Contato.ts" path="/Users/sidneysousa/Workspaces/OO_2025_01/exemplo03/src/models/Contato.ts">
        <metrics statements="4" coveredstatements="4" conditionals="0" coveredconditionals="0" methods="1" coveredmethods="1"/>
        <line num="1" count="1" type="stmt"/>
        <line num="7" count="201" type="stmt"/>
        <line num="8" count="201" type="stmt"/>
        <line num="9" count="201" type="stmt"/>
      </file>
    </package>
  </project>
</coverage>
