<?xml version="1.0" encoding="UTF-8"?>
<coverage generated="1751565911630" clover="3.2.0">
  <project timestamp="1751565911630" name="All files">
    <metrics statements="24" coveredstatements="24" conditionals="1" coveredconditionals="1" methods="6" coveredmethods="6" elements="31" coveredelements="31" complexity="0" loc="24" ncloc="24" packages="2" files="3" classes="3"/>
    <package name="daos">
      <metrics statements="20" coveredstatements="20" conditionals="1" coveredconditionals="1" methods="5" coveredmethods="5"/>
      <file name="ContatoDAO.ts" path="/Users/sidneysousa/Workspaces/OO_2025_01/exemplo03/src/daos/ContatoDAO.ts">
        <metrics statements="11" coveredstatements="11" conditionals="1" coveredconditionals="1" methods="4" coveredmethods="4"/>
        <line num="1" count="1" type="stmt"/>
        <line num="3" count="1" type="stmt"/>
        <line num="5" count="1" type="stmt"/>
        <line num="10" count="2" type="stmt"/>
        <line num="11" count="2" type="stmt"/>
        <line num="13" count="2" type="stmt"/>
        <line num="24" count="203" type="stmt"/>
        <line num="25" count="3" type="stmt"/>
        <line num="29" count="1" type="stmt"/>
        <line num="31" count="1" type="cond" truecount="1" falsecount="0"/>
        <line num="33" count="1" type="stmt"/>
      </file>
      <file name="ContatoJsonDAO.ts" path="/Users/sidneysousa/Workspaces/OO_2025_01/exemplo03/src/daos/ContatoJsonDAO.ts">
        <metrics statements="9" coveredstatements="9" conditionals="0" coveredconditionals="0" methods="1" coveredmethods="1"/>
        <line num="1" count="1" type="stmt"/>
        <line num="2" count="1" type="stmt"/>
        <line num="4" count="1" type="stmt"/>
        <line num="6" count="2" type="stmt"/>
        <line num="8" count="2" type="stmt"/>
        <line num="10" count="2" type="stmt"/>
        <line num="11" count="200" type="stmt"/>
        <line num="12" count="200" type="stmt"/>
        <line num="13" count="200" type="stmt"/>
      </file>
    </package>
    <package name="models">
      <metrics statements="4" coveredstatements="4" conditionals="0" coveredconditionals="0" methods="1" coveredmethods="1"/>
      <file name="Contato.ts" path="/Users/sidneysousa/Workspaces/OO_2025_01/exemplo03/src/models/Contato.ts">
        <metrics statements="4" coveredstatements="4" conditionals="0" coveredconditionals="0" methods="1" coveredmethods="1"/>
        <line num="1" count="1" type="stmt"/>
        <line num="7" count="201" type="stmt"/>
        <line num="8" count="201" type="stmt"/>
        <line num="9" count="201" type="stmt"/>
      </file>
    </package>
  </project>
</coverage>
