{"/Users/sidneysousa/Workspaces/OO_2025_01/exemplo03/src/daos/ContatoJsonDAO.ts": {"path":"/Users/sidneysousa/Workspaces/OO_2025_01/exemplo03/src/daos/ContatoJsonDAO.ts","statementMap":{"0":{"start":{"line":1,"column":0},"end":{"line":1,"column":28}},"1":{"start":{"line":2,"column":0},"end":{"line":2,"column":44}},"2":{"start":{"line":3,"column":0},"end":{"line":3,"column":34}},"3":{"start":{"line":10,"column":27},"end":{"line":10,"column":73}},"4":{"start":{"line":11,"column":28},"end":{"line":11,"column":65}},"5":{"start":{"line":13,"column":23},"end":{"line":13,"column":50}},"6":{"start":{"line":15,"column":4},"end":{"line":15,"column":23}},"7":{"start":{"line":16,"column":4},"end":{"line":20,"column":5}},"8":{"start":{"line":16,"column":17},"end":{"line":16,"column":18}},"9":{"start":{"line":17,"column":16},"end":{"line":17,"column":29}},"10":{"start":{"line":18,"column":22},"end":{"line":18,"column":59}},"11":{"start":{"line":19,"column":6},"end":{"line":19,"column":34}},"12":{"start":{"line":31,"column":20},"end":{"line":31,"column":64}},"13":{"start":{"line":31,"column":46},"end":{"line":31,"column":63}},"14":{"start":{"line":32,"column":4},"end":{"line":32,"column":19}},"15":{"start":{"line":36,"column":14},"end":{"line":36,"column":51}},"16":{"start":{"line":38,"column":4},"end":{"line":41,"column":5}},"17":{"start":{"line":40,"column":6},"end":{"line":40,"column":34}},"18":{"start":{"line":5,"column":0},"end":{"line":5,"column":13}}},"fnMap":{"0":{"name":"(anonymous_0)","decl":{"start":{"line":8,"column":2},"end":{"line":8,"column":null}},"loc":{"start":{"line":8,"column":2},"end":{"line":21,"column":3}}},"1":{"name":"(anonymous_1)","decl":{"start":{"line":23,"column":2},"end":{"line":23,"column":19}},"loc":{"start":{"line":23,"column":33},"end":{"line":33,"column":3}}},"2":{"name":"(anonymous_2)","decl":{"start":{"line":31,"column":39},"end":{"line":31,"column":40}},"loc":{"start":{"line":31,"column":46},"end":{"line":31,"column":63}}},"3":{"name":"(anonymous_3)","decl":{"start":{"line":35,"column":2},"end":{"line":35,"column":8}},"loc":{"start":{"line":35,"column":25},"end":{"line":42,"column":3}}}},"branchMap":{"0":{"loc":{"start":{"line":38,"column":4},"end":{"line":41,"column":5}},"type":"if","locations":[{"start":{"line":38,"column":4},"end":{"line":41,"column":5}}]}},"s":{"0":1,"1":1,"2":1,"3":2,"4":2,"5":2,"6":2,"7":2,"8":2,"9":200,"10":200,"11":200,"12":3,"13":203,"14":3,"15":1,"16":1,"17":1,"18":1},"f":{"0":2,"1":3,"2":203,"3":1},"b":{"0":[1]}}
,"/Users/sidneysousa/Workspaces/OO_2025_01/exemplo03/src/models/Contato.ts": {"path":"/Users/sidneysousa/Workspaces/OO_2025_01/exemplo03/src/models/Contato.ts","statementMap":{"0":{"start":{"line":7,"column":4},"end":{"line":7,"column":21}},"1":{"start":{"line":8,"column":4},"end":{"line":8,"column":29}},"2":{"start":{"line":9,"column":4},"end":{"line":9,"column":23}},"3":{"start":{"line":1,"column":0},"end":{"line":1,"column":13}}},"fnMap":{"0":{"name":"(anonymous_0)","decl":{"start":{"line":6,"column":2},"end":{"line":6,"column":14}},"loc":{"start":{"line":6,"column":59},"end":{"line":10,"column":3}}}},"branchMap":{},"s":{"0":201,"1":201,"2":201,"3":1},"f":{"0":201},"b":{}}
}
