{"/Users/sidneysousa/Workspaces/OO_2025_01/exemplo03/src/daos/ContatoDAO.ts": {"path":"/Users/sidneysousa/Workspaces/OO_2025_01/exemplo03/src/daos/ContatoDAO.ts","statementMap":{"0":{"start":{"line":1,"column":0},"end":{"line":1,"column":28}},"1":{"start":{"line":3,"column":0},"end":{"line":3,"column":34}},"2":{"start":{"line":10,"column":27},"end":{"line":10,"column":69}},"3":{"start":{"line":11,"column":4},"end":{"line":11,"column":65}},"4":{"start":{"line":13,"column":4},"end":{"line":13,"column":23}},"5":{"start":{"line":24,"column":20},"end":{"line":24,"column":64}},"6":{"start":{"line":24,"column":46},"end":{"line":24,"column":63}},"7":{"start":{"line":25,"column":4},"end":{"line":25,"column":19}},"8":{"start":{"line":29,"column":14},"end":{"line":29,"column":51}},"9":{"start":{"line":31,"column":4},"end":{"line":34,"column":5}},"10":{"start":{"line":33,"column":6},"end":{"line":33,"column":34}},"11":{"start":{"line":5,"column":0},"end":{"line":5,"column":13}}},"fnMap":{"0":{"name":"(anonymous_0)","decl":{"start":{"line":9,"column":2},"end":{"line":9,"column":14}},"loc":{"start":{"line":9,"column":33},"end":{"line":14,"column":3}}},"1":{"name":"(anonymous_1)","decl":{"start":{"line":16,"column":2},"end":{"line":16,"column":19}},"loc":{"start":{"line":16,"column":33},"end":{"line":26,"column":3}}},"2":{"name":"(anonymous_2)","decl":{"start":{"line":24,"column":39},"end":{"line":24,"column":40}},"loc":{"start":{"line":24,"column":46},"end":{"line":24,"column":63}}},"3":{"name":"(anonymous_3)","decl":{"start":{"line":28,"column":2},"end":{"line":28,"column":8}},"loc":{"start":{"line":28,"column":25},"end":{"line":35,"column":3}}}},"branchMap":{"0":{"loc":{"start":{"line":31,"column":4},"end":{"line":34,"column":5}},"type":"if","locations":[{"start":{"line":31,"column":4},"end":{"line":34,"column":5}}]}},"s":{"0":1,"1":1,"2":2,"3":2,"4":2,"5":3,"6":203,"7":3,"8":1,"9":1,"10":1,"11":1},"f":{"0":2,"1":3,"2":203,"3":1},"b":{"0":[1]}}
,"/Users/sidneysousa/Workspaces/OO_2025_01/exemplo03/src/daos/ContatoJsonDAO.ts": {"path":"/Users/sidneysousa/Workspaces/OO_2025_01/exemplo03/src/daos/ContatoJsonDAO.ts","statementMap":{"0":{"start":{"line":1,"column":0},"end":{"line":1,"column":44}},"1":{"start":{"line":2,"column":0},"end":{"line":2,"column":42}},"2":{"start":{"line":6,"column":4},"end":{"line":6,"column":27}},"3":{"start":{"line":8,"column":23},"end":{"line":8,"column":55}},"4":{"start":{"line":10,"column":4},"end":{"line":14,"column":5}},"5":{"start":{"line":10,"column":17},"end":{"line":10,"column":18}},"6":{"start":{"line":11,"column":16},"end":{"line":11,"column":29}},"7":{"start":{"line":12,"column":16},"end":{"line":12,"column":53}},"8":{"start":{"line":13,"column":6},"end":{"line":13,"column":28}},"9":{"start":{"line":4,"column":0},"end":{"line":4,"column":13}}},"fnMap":{"0":{"name":"(anonymous_0)","decl":{"start":{"line":5,"column":2},"end":{"line":5,"column":null}},"loc":{"start":{"line":5,"column":2},"end":{"line":15,"column":3}}}},"branchMap":{},"s":{"0":1,"1":1,"2":2,"3":2,"4":2,"5":2,"6":200,"7":200,"8":200,"9":1},"f":{"0":2},"b":{}}
,"/Users/sidneysousa/Workspaces/OO_2025_01/exemplo03/src/models/Contato.ts": {"path":"/Users/sidneysousa/Workspaces/OO_2025_01/exemplo03/src/models/Contato.ts","statementMap":{"0":{"start":{"line":7,"column":4},"end":{"line":7,"column":21}},"1":{"start":{"line":8,"column":4},"end":{"line":8,"column":29}},"2":{"start":{"line":9,"column":4},"end":{"line":9,"column":23}},"3":{"start":{"line":1,"column":0},"end":{"line":1,"column":13}}},"fnMap":{"0":{"name":"(anonymous_0)","decl":{"start":{"line":6,"column":2},"end":{"line":6,"column":14}},"loc":{"start":{"line":6,"column":59},"end":{"line":10,"column":3}}}},"branchMap":{},"s":{"0":201,"1":201,"2":201,"3":1},"f":{"0":201},"b":{}}
}
