TN:
SF:src/daos/ContatoJsonDAO.ts
FN:8,(anonymous_0)
FN:23,(anonymous_1)
FN:31,(anonymous_2)
FN:35,(anonymous_3)
FNF:4
FNH:4
FNDA:2,(anonymous_0)
FNDA:3,(anonymous_1)
FNDA:203,(anonymous_2)
FNDA:1,(anonymous_3)
DA:1,1
DA:2,1
DA:3,1
DA:5,1
DA:10,2
DA:11,2
DA:13,2
DA:15,2
DA:16,2
DA:17,200
DA:18,200
DA:19,200
DA:31,203
DA:32,3
DA:36,1
DA:38,1
DA:40,1
LF:17
LH:17
BRDA:38,0,0,1
BRF:1
BRH:1
end_of_record
TN:
SF:src/models/Contato.ts
FN:6,(anonymous_0)
FNF:1
FNH:1
FNDA:201,(anonymous_0)
DA:1,1
DA:7,201
DA:8,201
DA:9,201
LF:4
LH:4
BRF:0
BRH:0
end_of_record
