TN:
SF:src/daos/ContatoDAO.ts
FN:9,(anonymous_0)
FN:16,(anonymous_1)
FN:24,(anonymous_2)
FN:28,(anonymous_3)
FNF:4
FNH:4
FNDA:2,(anonymous_0)
FNDA:3,(anonymous_1)
FNDA:203,(anonymous_2)
FNDA:1,(anonymous_3)
DA:1,1
DA:3,1
DA:5,1
DA:10,2
DA:11,2
DA:13,2
DA:24,203
DA:25,3
DA:29,1
DA:31,1
DA:33,1
LF:11
LH:11
BRDA:31,0,0,1
BRF:1
BRH:1
end_of_record
TN:
SF:src/daos/ContatoJsonDAO.ts
FN:5,(anonymous_0)
FNF:1
FNH:1
FNDA:2,(anonymous_0)
DA:1,1
DA:2,1
DA:4,1
DA:6,2
DA:8,2
DA:10,2
DA:11,200
DA:12,200
DA:13,200
LF:9
LH:9
BRF:0
BRH:0
end_of_record
TN:
SF:src/models/Contato.ts
FN:6,(anonymous_0)
FNF:1
FNH:1
FNDA:201,(anonymous_0)
DA:1,1
DA:7,201
DA:8,201
DA:9,201
LF:4
LH:4
BRF:0
BRH:0
end_of_record
